<?xml version="1.0" encoding="UTF-8"?>
<!-- Generated by org.testng.reporters.JUnitXMLReporter -->
<testsuite hostname="LAPTOP-SK2I11LG" ignored="0" name="TC_LoginTest_001" tests="2" failures="0" timestamp="08 Apr 2022 18:47:01 GMT" time="9.605" errors="0">
  <testcase name="validUserShouldAbleToLogin" time="2.072" classname="com.TF_ibilling.testCases.TC_LoginTest_001"/>
  <testcase name="ValidUserShouldBeAbleToAccessAddCustomerMenu" time="3.509" classname="com.TF_ibilling.testCases.TC_TransactionTest_003"/>
</testsuite> <!-- TC_LoginTest_001 -->
