<?xml version="1.0" encoding="UTF-8"?>
<!-- Generated by org.testng.reporters.JUnitXMLReporter -->
<testsuite hostname="LAPTOP-SK2I11LG" ignored="0" name="TC_LoginTest_001" tests="1" failures="1" timestamp="08 Apr 2022 17:43:08 GMT" time="29.01" errors="0">
  <testcase name="ValidUserShouldBeAbleToAccessAddCustomerMenu" time="20.787" classname="com.TF_ibilling.testCases.TC_TransactionTest_003">
    <failure type="java.lang.AssertionError" message="wrong page expected [Add Deposit] but found []">
      <![CDATA[java.lang.AssertionError: wrong page expected [Add Deposit] but found []
at com.TF_ibilling.pages.TransactionPage.verifyTransactionAdded(TransactionPage.java:44)
at com.TF_ibilling.testCases.TC_TransactionTest_003.ValidUserShouldBeAbleToAccessAddCustomerMenu(TC_TransactionTest_003.java:57)
... Removed 30 stack frames]]>
    </failure>
  </testcase> <!-- ValidUserShouldBeAbleToAccessAddCustomerMenu -->
</testsuite> <!-- TC_LoginTest_001 -->
