<?xml version="1.0" encoding="UTF-8"?>
<!-- Generated by org.testng.reporters.JUnitXMLReporter -->
<testsuite hostname="LAPTOP-SK2I11LG" ignored="0" name="TF_IBilling_TransactionTest" tests="3" failures="3" timestamp="08 Apr 2022 16:30:32 GMT" time="6.52" errors="0">
  <testcase name="negativeLoginTest" time="0.011" classname="com.TF_ibilling.testCases.TC_LoginTest_001">
    <failure type="java.lang.NullPointerException">
      <![CDATA[java.lang.NullPointerException
at com.TF_ibilling.testCases.TC_LoginTest_001.negativeLoginTest(TC_LoginTest_001.java:30)
... Removed 25 stack frames]]>
    </failure>
  </testcase> <!-- negativeLoginTest -->
  <testcase name="negativeLoginTest" time="0.003" classname="com.TF_ibilling.testCases.TC_LoginTest_001">
    <failure type="java.lang.NullPointerException">
      <![CDATA[java.lang.NullPointerException
at com.TF_ibilling.testCases.TC_LoginTest_001.negativeLoginTest(TC_LoginTest_001.java:30)
... Removed 25 stack frames]]>
    </failure>
  </testcase> <!-- negativeLoginTest -->
  <testcase name="negativeLoginTest" time="0.003" classname="com.TF_ibilling.testCases.TC_LoginTest_001">
    <failure type="java.lang.NullPointerException">
      <![CDATA[java.lang.NullPointerException
at com.TF_ibilling.testCases.TC_LoginTest_001.negativeLoginTest(TC_LoginTest_001.java:30)
... Removed 25 stack frames]]>
    </failure>
  </testcase> <!-- negativeLoginTest -->
</testsuite> <!-- TF_IBilling_TransactionTest -->
