<?xml version="1.0" encoding="UTF-8"?>
<!-- Generated by org.testng.reporters.JUnitXMLReporter -->
<testsuite hostname="LAPTOP-SK2I11LG" ignored="0" name="TF_ibilling Transaction Test" tests="1" failures="1" timestamp="08 Apr 2022 16:41:14 GMT" time="10.216" errors="0">
  <testcase name="ValidUserShouldBeAbleToAccessAddCustomerMenu" time="0.0" classname="com.TF_ibilling.testCases.TC_TransactionTest_003">
    <failure type="org.testng.TestNGException" message="
Some DataProvider java.lang.String com.TF_ibilling.testCases.TC_TransactionTest_003.getData(java.lang.String) parameters unresolved:  at 0 type class java.lang.String
">
      <![CDATA[org.testng.TestNGException: 
Some DataProvider java.lang.String com.TF_ibilling.testCases.TC_TransactionTest_003.getData(java.lang.String) parameters unresolved:  at 0 type class java.lang.String

... Removed 23 stack frames]]>
    </failure>
  </testcase> <!-- ValidUserShouldBeAbleToAccessAddCustomerMenu -->
</testsuite> <!-- TF_ibilling Transaction Test -->
