<?xml version="1.0" encoding="UTF-8"?>
<testng-results skipped="0" failed="0" ignored="0" total="2" passed="2">
  <reporter-output>
  </reporter-output>
  <suite name="TF_IBilling_Regression2" duration-ms="9605" started-at="2022-04-08T18:46:51Z" finished-at="2022-04-08T18:47:01Z">
    <groups>
    </groups>
    <test name="TC_LoginTest_001" duration-ms="9605" started-at="2022-04-08T18:46:51Z" finished-at="2022-04-08T18:47:01Z">
      <class name="com.TF_ibilling.testCases.TC_TransactionTest_003">
        <test-method status="PASS" signature="init()[pri:0, instance:com.TF_ibilling.testCases.TC_TransactionTest_003@42e26948]" name="init" is-config="true" duration-ms="1603" started-at="2022-04-08T18:46:56Z" finished-at="2022-04-08T18:46:57Z">
          <reporter-output>
          </reporter-output>
        </test-method> <!-- init -->
        <test-method status="PASS" signature="ValidUserShouldBeAbleToAccessAddCustomerMenu()[pri:0, instance:com.TF_ibilling.testCases.TC_TransactionTest_003@42e26948]" name="ValidUserShouldBeAbleToAccessAddCustomerMenu" duration-ms="3509" started-at="2022-04-08T18:46:57Z" finished-at="2022-04-08T18:47:01Z">
          <reporter-output>
          </reporter-output>
        </test-method> <!-- ValidUserShouldBeAbleToAccessAddCustomerMenu -->
      </class> <!-- com.TF_ibilling.testCases.TC_TransactionTest_003 -->
      <class name="com.TF_ibilling.testCases.TC_LoginTest_001">
        <test-method status="PASS" signature="init()[pri:0, instance:com.TF_ibilling.testCases.TC_LoginTest_001@1794d431]" name="init" is-config="true" duration-ms="2389" started-at="2022-04-08T18:46:51Z" finished-at="2022-04-08T18:46:54Z">
          <reporter-output>
          </reporter-output>
        </test-method> <!-- init -->
        <test-method status="PASS" signature="validUserShouldAbleToLogin(java.lang.String, java.lang.String)[pri:0, instance:com.TF_ibilling.testCases.TC_LoginTest_001@1794d431]" name="validUserShouldAbleToLogin" duration-ms="2072" started-at="2022-04-08T18:46:54Z" finished-at="2022-04-08T18:46:56Z">
          <params>
            <param index="0">
              <value>
                <![CDATA[demo@techfios.com]]>
              </value>
            </param>
            <param index="1">
              <value>
                <![CDATA[abc123]]>
              </value>
            </param>
          </params>
          <reporter-output>
          </reporter-output>
        </test-method> <!-- validUserShouldAbleToLogin -->
      </class> <!-- com.TF_ibilling.testCases.TC_LoginTest_001 -->
    </test> <!-- TC_LoginTest_001 -->
  </suite> <!-- TF_IBilling_Regression2 -->
</testng-results>
